<?xml version="1.0" encoding="UTF-8"?>
<!-- Generated by org.testng.reporters.JUnitReportReporter -->
<testsuite hostname="KRISHNA" failures="0" tests="3" name="com.framework.TestCases.NewTest1" time="33.109" errors="0" timestamp="19 Mar 2019 07:18:19 GMT" skipped="0">
  <testcase classname="com.framework.TestCases.NewTest1" name="test_Home_Page" time="7.355"/>
  <testcase classname="com.framework.TestCases.NewTest1" name="test_Home_Page1" time="15.020"/>
  <testcase classname="com.framework.TestCases.NewTest1" name="test_gmail_link" time="10.734"/>
</testsuite> <!-- com.framework.TestCases.NewTest1 -->
