<?xml version="1.0" encoding="UTF-8"?>
<!-- Generated by org.testng.reporters.JUnitReportReporter -->
<testsuite hostname="KRISHNA" failures="0" tests="1" name="practice.CreatingLogs" time="0.030" errors="0" timestamp="25 Mar 2019 07:58:51 GMT" skipped="0">
  <testcase classname="practice.CreatingLogs" name="logsGeneration" time="0.030"/>
</testsuite> <!-- practice.CreatingLogs -->
