<?xml version="1.0" encoding="UTF-8"?>
<!-- Generated by org.testng.reporters.JUnitReportReporter -->
<testsuite hostname="KRISHNA" failures="0" tests="2" name="com.framework.TestCases.NewTest" time="0.017" errors="0" timestamp="13 Mar 2019 06:47:46 GMT" skipped="0">
  <testcase classname="com.framework.TestCases.NewTest" name="testCase2" time="0.007"/>
  <testcase classname="com.framework.TestCases.NewTest" name="testCase1" time="0.010"/>
</testsuite> <!-- com.framework.TestCases.NewTest -->
